<?xml version="1.0" encoding="utf-8"?><testsuites name="pytest tests"><testsuite name="pytest" errors="0" failures="0" skipped="0" tests="32" time="7.768" timestamp="2026-02-14T21:08:15.948170+00:00" hostname="agent-env-e615ea9d-78be-46d7-ab05-b3875ef12a7f"><testcase classname="backend.tests.test_api.TestHealth" name="test_health_check" time="0.334" /><testcase classname="backend.tests.test_api.TestSettings" name="test_get_settings" time="0.112" /><testcase classname="backend.tests.test_api.TestSettings" name="test_get_providers" time="0.100" /><testcase classname="backend.tests.test_api.TestAIChat" name="test_chat_empty_message" time="0.107" /><testcase classname="backend.tests.test_api.TestAIChat" name="test_chat_with_message" time="2.565" /><testcase classname="backend.tests.test_api.TestAIChat" name="test_get_stock_prompt" time="0.094" /><testcase classname="backend.tests.test_api.TestTickets" name="test_get_escalated_tickets" time="0.106" /><testcase classname="backend.tests.test_api.TestTickets" name="test_create_ticket" time="0.094" /><testcase classname="backend.tests.test_api.TestTickets" name="test_get_ticket_by_id" time="0.235" /><testcase classname="backend.tests.test_api.TestTickets" name="test_ticket_not_found" time="0.099" /><testcase classname="backend.tests.test_api.TestTickets" name="test_reply_to_ticket" time="0.196" /><testcase classname="backend.tests.test_api.TestTickets" name="test_close_ticket" time="0.209" /><testcase classname="backend.tests.test_api.TestTickets" name="test_escalate_ticket" time="0.203" /><testcase classname="backend.tests.test_api.TestLookup" name="test_lookup_empty_query" time="0.099" /><testcase classname="backend.tests.test_api.TestLookup" name="test_lookup_user_by_telegram_id" time="0.357" /><testcase classname="backend.tests.test_api.TestKnowledge" name="test_get_articles" time="0.087" /><testcase classname="backend.tests.test_api.TestKnowledge" name="test_create_article" time="0.104" /><testcase classname="backend.tests.test_api.TestKnowledge" name="test_create_article_validation" time="0.093" /><testcase classname="backend.tests.test_api.TestKnowledge" name="test_get_article_by_id" time="0.268" /><testcase classname="backend.tests.test_api.TestKnowledge" name="test_update_article" time="0.310" /><testcase classname="backend.tests.test_api.TestKnowledge" name="test_delete_article" time="0.605" /><testcase classname="backend.tests.test_api.TestKnowledge" name="test_search_articles" time="0.195" /><testcase classname="backend.tests.test_api.TestActions" name="test_reset_traffic_no_uuid" time="0.085" /><testcase classname="backend.tests.test_api.TestActions" name="test_revoke_subscription_no_uuid" time="0.092" /><testcase classname="backend.tests.test_api.TestActions" name="test_enable_user_no_uuid" time="0.095" /><testcase classname="backend.tests.test_api.TestActions" name="test_disable_user_no_uuid" time="0.082" /><testcase classname="backend.tests.test_api.TestActions" name="test_hwid_delete_all_no_uuid" time="0.092" /><testcase classname="backend.tests.test_api.TestActions" name="test_hwid_delete_no_params" time="0.087" /><testcase classname="backend.tests.test_api.TestAIProviders" name="test_test_connection_no_provider" time="0.095" /><testcase classname="backend.tests.test_api.TestAIProviders" name="test_get_models" time="0.089" /><testcase classname="backend.tests.test_api.TestAIProviders" name="test_set_model_validation" time="0.082" /><testcase classname="backend.tests.test_api.TestAIProviders" name="test_set_active_provider_validation" time="0.221" /></testsuite></testsuites>